Using pre-set license
Built from '2021.3/staging' branch; Version is '2021.3.19f1 (c9714fde33b6) revision 13201743'; Using compiler version '192829333'; Build Type 'Release'
OS: 'Windows 10  (10.0.19045) 64bit Core' Language: 'en' Physical Memory: 16310 MB
BatchMode: 1, IsHumanControllingUs: 0, StartBugReporterOnCrash: 0, Is64bit: 1, IsPro: 1

COMMAND LINE ARGUMENTS:
C:\Program Files\Unity\Hub\Editor\2021.3.19f1\Editor\Unity.exe
-adb2
-batchMode
-noUpm
-name
AssetImportWorker6
-projectPath
C:/Users/WIN 10/Arere
-logFile
Logs/AssetImportWorker6.log
-srvPort
58370
Successfully changed project path to: C:/Users/WIN 10/Arere
C:/Users/WIN 10/Arere
[UnityMemory] Configuration Parameters - Can be set up in boot.config
    "memorysetup-bucket-allocator-granularity=16"
    "memorysetup-bucket-allocator-bucket-count=8"
    "memorysetup-bucket-allocator-block-size=33554432"
    "memorysetup-bucket-allocator-block-count=8"
    "memorysetup-main-allocator-block-size=16777216"
    "memorysetup-thread-allocator-block-size=16777216"
    "memorysetup-gfx-main-allocator-block-size=16777216"
    "memorysetup-gfx-thread-allocator-block-size=16777216"
    "memorysetup-cache-allocator-block-size=4194304"
    "memorysetup-typetree-allocator-block-size=2097152"
    "memorysetup-profiler-bucket-allocator-granularity=16"
    "memorysetup-profiler-bucket-allocator-bucket-count=8"
    "memorysetup-profiler-bucket-allocator-block-size=33554432"
    "memorysetup-profiler-bucket-allocator-block-count=8"
    "memorysetup-profiler-allocator-block-size=16777216"
    "memorysetup-profiler-editor-allocator-block-size=1048576"
    "memorysetup-temp-allocator-size-main=16777216"
    "memorysetup-job-temp-allocator-block-size=2097152"
    "memorysetup-job-temp-allocator-block-size-background=1048576"
    "memorysetup-job-temp-allocator-reduction-small-platforms=262144"
    "memorysetup-temp-allocator-size-background-worker=32768"
    "memorysetup-temp-allocator-size-job-worker=262144"
    "memorysetup-temp-allocator-size-preload-manager=33554432"
    "memorysetup-temp-allocator-size-nav-mesh-worker=65536"
    "memorysetup-temp-allocator-size-audio-worker=65536"
    "memorysetup-temp-allocator-size-cloud-worker=32768"
    "memorysetup-temp-allocator-size-gi-baking-worker=262144"
    "memorysetup-temp-allocator-size-gfx=262144"
Player connection [35652] Host "[IP] 192.168.1.5 [Port] 0 [Flags] 2 [Guid] 824255367 [EditorId] 824255367 [Version] 1048832 [Id] WindowsEditor(7,DESKTOP-DROIHA1) [Debug] 1 [PackageName] WindowsEditor [ProjectName] Editor" joined multi-casting on [225.0.0.222:54997]...

Player connection [35652] Host "[IP] 192.168.1.5 [Port] 0 [Flags] 2 [Guid] 824255367 [EditorId] 824255367 [Version] 1048832 [Id] WindowsEditor(7,DESKTOP-DROIHA1) [Debug] 1 [PackageName] WindowsEditor [ProjectName] Editor" joined alternative multi-casting on [225.0.0.222:34997]...

Refreshing native plugins compatible for Editor in 54.44 ms, found 3 plugins.
Preloading 0 native plugins for Editor in 0.00 ms.
Initialize engine version: 2021.3.19f1 (c9714fde33b6)
[Subsystems] Discovering subsystems at path C:/Program Files/Unity/Hub/Editor/2021.3.19f1/Editor/Data/Resources/UnitySubsystems
[Subsystems] Discovering subsystems at path C:/Users/WIN 10/Arere/Assets
GfxDevice: creating device client; threaded=0; jobified=0
Direct3D:
    Version:  Direct3D 11.0 [level 11.1]
    Renderer: NVIDIA GeForce RTX 3060 (ID=0x2504)
    Vendor:   NVIDIA
    VRAM:     12129 MB
    Driver:   31.0.15.3742
Initialize mono
Mono path[0] = 'C:/Program Files/Unity/Hub/Editor/2021.3.19f1/Editor/Data/Managed'
Mono path[1] = 'C:/Program Files/Unity/Hub/Editor/2021.3.19f1/Editor/Data/MonoBleedingEdge/lib/mono/unityjit-win32'
Mono config path = 'C:/Program Files/Unity/Hub/Editor/2021.3.19f1/Editor/Data/MonoBleedingEdge/etc'
Using monoOptions --debugger-agent=transport=dt_socket,embedding=1,server=y,suspend=n,address=127.0.0.1:56332
Begin MonoManager ReloadAssembly
Registering precompiled unity dll's ...
Register platform support module: C:/Program Files/Unity/Hub/Editor/2021.3.19f1/Editor/Data/PlaybackEngines/AndroidPlayer/UnityEditor.Android.Extensions.dll
Register platform support module: C:/Program Files/Unity/Hub/Editor/2021.3.19f1/Editor/Data/PlaybackEngines/WindowsStandaloneSupport/UnityEditor.WindowsStandalone.Extensions.dll
Registered in 0.006029 seconds.
Native extension for WindowsStandalone target not found
Native extension for Android target not found
Android Extension - Scanning For ADB Devices 316 ms
Refreshing native plugins compatible for Editor in 53.25 ms, found 3 plugins.
Preloading 0 native plugins for Editor in 0.00 ms.
Mono: successfully reloaded assembly
- Completed reload, in  0.989 seconds
Domain Reload Profiling:
	ReloadAssembly (989ms)
		BeginReloadAssembly (59ms)
			ExecutionOrderSort (0ms)
			DisableScriptedObjects (0ms)
			BackupInstance (0ms)
			ReleaseScriptingObjects (0ms)
			CreateAndSetChildDomain (1ms)
		EndReloadAssembly (755ms)
			LoadAssemblies (57ms)
			RebuildTransferFunctionScriptingTraits (0ms)
			SetupTypeCache (189ms)
			ReleaseScriptCaches (0ms)
			RebuildScriptCaches (18ms)
			SetupLoadedEditorAssemblies (513ms)
				LogAssemblyErrors (0ms)
				InitializePlatformSupportModulesInManaged (362ms)
				SetLoadedEditorAssemblies (0ms)
				RefreshPlugins (53ms)
				BeforeProcessingInitializeOnLoad (1ms)
				ProcessInitializeOnLoadAttributes (63ms)
				ProcessInitializeOnLoadMethodAttributes (34ms)
				AfterProcessingInitializeOnLoad (0ms)
				EditorAssembliesLoaded (0ms)
			ExecutionOrderSort2 (0ms)
			AwakeInstancesAfterBackupRestoration (0ms)
Platform modules already initialized, skipping
Registering precompiled user dll's ...
Registered in 0.003984 seconds.
Begin MonoManager ReloadAssembly
Symbol file LoadedFromMemory doesn't match image C:\Users\WIN 10\Arere\Library\PackageCache\com.unity.visualscripting@1.8.0\Editor\VisualScripting.Core\Dependencies\YamlDotNet\Unity.VisualScripting.YamlDotNet.dll
Symbol file LoadedFromMemory doesn't match image C:\Users\WIN 10\Arere\Library\PackageCache\com.unity.visualscripting@1.8.0\Editor\VisualScripting.Core\Dependencies\DotNetZip\Unity.VisualScripting.IonicZip.dll
Native extension for WindowsStandalone target not found
Native extension for Android target not found
Refreshing native plugins compatible for Editor in 0.57 ms, found 3 plugins.
Preloading 0 native plugins for Editor in 0.00 ms.
Mono: successfully reloaded assembly
- Completed reload, in  0.750 seconds
Domain Reload Profiling:
	ReloadAssembly (751ms)
		BeginReloadAssembly (84ms)
			ExecutionOrderSort (0ms)
			DisableScriptedObjects (5ms)
			BackupInstance (0ms)
			ReleaseScriptingObjects (0ms)
			CreateAndSetChildDomain (16ms)
		EndReloadAssembly (585ms)
			LoadAssemblies (62ms)
			RebuildTransferFunctionScriptingTraits (0ms)
			SetupTypeCache (230ms)
			ReleaseScriptCaches (0ms)
			RebuildScriptCaches (33ms)
			SetupLoadedEditorAssemblies (237ms)
				LogAssemblyErrors (0ms)
				InitializePlatformSupportModulesInManaged (13ms)
				SetLoadedEditorAssemblies (0ms)
				RefreshPlugins (1ms)
				BeforeProcessingInitializeOnLoad (57ms)
				ProcessInitializeOnLoadAttributes (146ms)
				ProcessInitializeOnLoadMethodAttributes (13ms)
				AfterProcessingInitializeOnLoad (6ms)
				EditorAssembliesLoaded (0ms)
			ExecutionOrderSort2 (0ms)
			AwakeInstancesAfterBackupRestoration (4ms)
Platform modules already initialized, skipping
========================================================================
Worker process is ready to serve import requests
Launched and connected shader compiler UnityShaderCompiler.exe after 0.06 seconds
Refreshing native plugins compatible for Editor in 0.53 ms, found 3 plugins.
Preloading 0 native plugins for Editor in 0.00 ms.
Unloading 3048 Unused Serialized files (Serialized files now loaded: 0)
Unloading 24 unused Assets / (113.6 KB). Loaded Objects now: 3513.
Memory consumption went from 108.0 MB to 107.8 MB.
Total: 2.192000 ms (FindLiveObjects: 0.163000 ms CreateObjectMapping: 0.064900 ms MarkObjects: 1.887400 ms  DeleteObjects: 0.076100 ms)

AssetImportParameters requested are different than current active one (requested -> active):
  custom:video-decoder-ogg-theora: a1e56fd34408186e4bbccfd4996cb3dc -> 
  custom:container-muxer-webm: aa71ff27fc2769a1b78a27578f13a17b -> 
  custom:container-demuxer-webm: 4f35f7cbe854078d1ac9338744f61a02 -> 
  custom:video-encoder-webm-vp8: eb34c28f22e8b96e1ab97ce403110664 -> 
  custom:audio-encoder-webm-vorbis: bf7c407c2cedff20999df2af8eb42d56 -> 
  custom:framework-win-MediaFoundation: 216162199b28c13a410421893ffa2e32 -> 
  custom:container-demuxer-ogg: 62fdf1f143b41e24485cea50d1cbac27 -> 
  custom:video-decoder-webm-vp8: 9c59270c3fd7afecdb556c50c9e8de78 -> 
  custom:audio-decoder-ogg-vorbis: bf7c407c2cedff20999df2af8eb42d56 -> 
========================================================================
Received Import Request.
  Time since last request: 178310.301875 seconds.
  path: Assets/2D/Sprite/Boxers/boxersleak2.png
  artifactKey: Guid(e35180e1607b042459e58d0d1891256d) Importer(815301076,1909f56bfc062723c751e8b465ee728b)
Start importing Assets/2D/Sprite/Boxers/boxersleak2.png using Guid(e35180e1607b042459e58d0d1891256d) Importer(815301076,1909f56bfc062723c751e8b465ee728b)  -> (artifact id: '6b143ec0b0623846b9298676c72e6d21') in 0.098047 seconds 
========================================================================
Received Import Request.
  Time since last request: 0.000018 seconds.
  path: Assets/2D/Sprite/Boxers/boxersleak3.png
  artifactKey: Guid(113821a295baf714bbbdb8d1e76b8824) Importer(815301076,1909f56bfc062723c751e8b465ee728b)
Start importing Assets/2D/Sprite/Boxers/boxersleak3.png using Guid(113821a295baf714bbbdb8d1e76b8824) Importer(815301076,1909f56bfc062723c751e8b465ee728b)  -> (artifact id: 'f88e45c59aad53314aa281a2d8b43945') in 0.103808 seconds 
========================================================================
Received Import Request.
  Time since last request: 51.476320 seconds.
  path: Assets/2D/Sprite/Jeans/jeansleak2.png
  artifactKey: Guid(ff303438b84b64d40b071a7f8a14cd93) Importer(815301076,1909f56bfc062723c751e8b465ee728b)
Start importing Assets/2D/Sprite/Jeans/jeansleak2.png using Guid(ff303438b84b64d40b071a7f8a14cd93) Importer(815301076,1909f56bfc062723c751e8b465ee728b)  -> (artifact id: '3ca798781f6b908c9777e48f4d9acdc0') in 0.020155 seconds 
========================================================================
Received Import Request.
  Time since last request: 0.000023 seconds.
  path: Assets/2D/Sprite/Jeans/jeansleak7.png
  artifactKey: Guid(719a67a7675e88547abbac2e110cf552) Importer(815301076,1909f56bfc062723c751e8b465ee728b)
Start importing Assets/2D/Sprite/Jeans/jeansleak7.png using Guid(719a67a7675e88547abbac2e110cf552) Importer(815301076,1909f56bfc062723c751e8b465ee728b)  -> (artifact id: '68148088d017adcf4701f8209d271ff0') in 0.012939 seconds 
========================================================================
Received Import Request.
  Time since last request: 0.000027 seconds.
  path: Assets/2D/Sprite/Jeans/jeansleak3.png
  artifactKey: Guid(b9d6378129a2c6e41a67b3cfd662000c) Importer(815301076,1909f56bfc062723c751e8b465ee728b)
Start importing Assets/2D/Sprite/Jeans/jeansleak3.png using Guid(b9d6378129a2c6e41a67b3cfd662000c) Importer(815301076,1909f56bfc062723c751e8b465ee728b)  -> (artifact id: 'f315c03653b694d7b9d0e758a2c903fa') in 0.012756 seconds 
========================================================================
Received Import Request.
  Time since last request: 34.392018 seconds.
  path: Assets/2D/Sprite/Jeans/jeansleak2.png
  artifactKey: Guid(ff303438b84b64d40b071a7f8a14cd93) Importer(815301076,1909f56bfc062723c751e8b465ee728b)
Start importing Assets/2D/Sprite/Jeans/jeansleak2.png using Guid(ff303438b84b64d40b071a7f8a14cd93) Importer(815301076,1909f56bfc062723c751e8b465ee728b)  -> (artifact id: 'a62a1e3f7da39fa61c4b9fd7b93854f5') in 0.051640 seconds 
========================================================================
Received Import Request.
  Time since last request: 0.000017 seconds.
  path: Assets/2D/Sprite/Jeans/jeansleak5.png
  artifactKey: Guid(4fd1bd177d3abef40a185fdb8b3a319b) Importer(815301076,1909f56bfc062723c751e8b465ee728b)
Start importing Assets/2D/Sprite/Jeans/jeansleak5.png using Guid(4fd1bd177d3abef40a185fdb8b3a319b) Importer(815301076,1909f56bfc062723c751e8b465ee728b)  -> (artifact id: 'e229a8d9264c34a8caed9b4e8e206e03') in 0.057945 seconds 
========================================================================
Received Import Request.
  Time since last request: 0.000017 seconds.
  path: Assets/2D/Sprite/Jeans/jeansleak3.png
  artifactKey: Guid(b9d6378129a2c6e41a67b3cfd662000c) Importer(815301076,1909f56bfc062723c751e8b465ee728b)
Start importing Assets/2D/Sprite/Jeans/jeansleak3.png using Guid(b9d6378129a2c6e41a67b3cfd662000c) Importer(815301076,1909f56bfc062723c751e8b465ee728b)  -> (artifact id: '06e319864ab4f82738dec1b69b1a28a4') in 0.082535 seconds 
Editor requested this worker to shutdown with reason: Scaling down because of idle timeout
AssetImportWorker is now disconnected from the server
Process exiting
Exiting without the bug reporter. Application will terminate with return code 0